<?xml version="1.0" encoding="UTF-8"?>
<!-- Generated by org.testng.reporters.JUnitReportReporter -->
<testsuite hostname="Muntasir" failures="0" tests="2" name="com.testrun.Runner" time="3.022" errors="0" timestamp="2024-12-18T19:53:12 EST" skipped="0">
  <testcase classname="com.testrun.Runner" name="setup3" time="0.001"/>
  <system-out/>
  <testcase classname="com.testrun.Runner" name="runScenario" time="3.021"/>
  <system-out/>
</testsuite> <!-- com.testrun.Runner -->
