<?xml version="1.0" encoding="UTF-8"?>
<!-- Generated by org.testng.reporters.JUnitReportReporter -->
<testsuite hostname="Muntasir" failures="0" tests="4" name="com.testrun.Runner" time="11.048" errors="0" timestamp="2024-10-31T15:28:51 EDT" skipped="0">
  <testcase classname="com.testrun.Runner" name="runScenario" time="3.419"/>
  <system-out/>
  <testcase classname="com.testrun.Runner" name="runScenario" time="2.772"/>
  <system-out/>
  <testcase classname="com.testrun.Runner" name="runScenario" time="4.856"/>
  <system-out/>
  <testcase classname="com.testrun.Runner" name="setup3" time="0.001"/>
  <system-out/>
</testsuite> <!-- com.testrun.Runner -->
