<?xml version="1.0" encoding="UTF-8"?>
<!-- Generated by org.testng.reporters.JUnitReportReporter -->
<testsuite hostname="Muntasir" failures="0" tests="4" name="com.testrun.Runner" time="10.627" errors="0" timestamp="2024-10-31T15:29:37 EDT" skipped="0">
  <testcase classname="com.testrun.Runner" name="runScenario" time="3.558"/>
  <system-out/>
  <testcase classname="com.testrun.Runner" name="setup3" time="0.001"/>
  <system-out/>
  <testcase classname="com.testrun.Runner" name="runScenario" time="2.894"/>
  <system-out/>
  <testcase classname="com.testrun.Runner" name="runScenario" time="4.174"/>
  <system-out/>
</testsuite> <!-- com.testrun.Runner -->
